[2024-11-05 20:03:01,421] INFO [Controller id=0] Processing automatic preferred replica leader election (kafka.controller.KafkaController)
[2024-11-05 20:03:01,464] TRACE [Controller id=0] Checking need to trigger auto leader balancing (kafka.controller.KafkaController)
[2024-11-05 20:03:01,465] DEBUG [Controller id=0] Topics not in preferred replica for broker 0 Map() (kafka.controller.KafkaController)
[2024-11-05 20:03:01,465] TRACE [Controller id=0] Leader imbalance ratio for broker 0 is 0.0 (kafka.controller.KafkaController)
[2024-11-05 20:08:01,478] INFO [Controller id=0] Processing automatic preferred replica leader election (kafka.controller.KafkaController)
[2024-11-05 20:08:01,480] TRACE [Controller id=0] Checking need to trigger auto leader balancing (kafka.controller.KafkaController)
[2024-11-05 20:08:01,482] DEBUG [Controller id=0] Topics not in preferred replica for broker 0 Map() (kafka.controller.KafkaController)
[2024-11-05 20:08:01,483] TRACE [Controller id=0] Leader imbalance ratio for broker 0 is 0.0 (kafka.controller.KafkaController)
[2024-11-05 20:13:01,491] INFO [Controller id=0] Processing automatic preferred replica leader election (kafka.controller.KafkaController)
[2024-11-05 20:13:01,493] TRACE [Controller id=0] Checking need to trigger auto leader balancing (kafka.controller.KafkaController)
[2024-11-05 20:13:01,494] DEBUG [Controller id=0] Topics not in preferred replica for broker 0 Map() (kafka.controller.KafkaController)
[2024-11-05 20:13:01,495] TRACE [Controller id=0] Leader imbalance ratio for broker 0 is 0.0 (kafka.controller.KafkaController)
[2024-11-05 20:18:01,498] INFO [Controller id=0] Processing automatic preferred replica leader election (kafka.controller.KafkaController)
[2024-11-05 20:18:01,500] TRACE [Controller id=0] Checking need to trigger auto leader balancing (kafka.controller.KafkaController)
[2024-11-05 20:18:01,501] DEBUG [Controller id=0] Topics not in preferred replica for broker 0 Map() (kafka.controller.KafkaController)
[2024-11-05 20:18:01,502] TRACE [Controller id=0] Leader imbalance ratio for broker 0 is 0.0 (kafka.controller.KafkaController)
[2024-11-05 20:21:59,108] INFO [Controller id=0] Shutting down broker 0 (kafka.controller.KafkaController)
[2024-11-05 20:21:59,108] DEBUG [Controller id=0] All shutting down brokers: 0 (kafka.controller.KafkaController)
[2024-11-05 20:21:59,109] DEBUG [Controller id=0] Live brokers:  (kafka.controller.KafkaController)
[2024-11-05 20:21:59,117] TRACE [Controller id=0] All leaders = resource_usage-0 -> (Leader:0,ISR:0,LeaderRecoveryState:RECOVERED,LeaderEpoch:0,ZkVersion:0,ControllerEpoch:1) (kafka.controller.KafkaController)
[2024-11-05 20:21:59,262] INFO [ControllerEventThread controllerId=0] Shutting down (kafka.controller.ControllerEventManager$ControllerEventThread)
[2024-11-05 20:21:59,262] INFO [ControllerEventThread controllerId=0] Stopped (kafka.controller.ControllerEventManager$ControllerEventThread)
[2024-11-05 20:21:59,262] INFO [ControllerEventThread controllerId=0] Shutdown completed (kafka.controller.ControllerEventManager$ControllerEventThread)
[2024-11-05 20:21:59,262] DEBUG [Controller id=0] Resigning (kafka.controller.KafkaController)
[2024-11-05 20:21:59,263] DEBUG [Controller id=0] Unregister BrokerModifications handler for Set(0) (kafka.controller.KafkaController)
[2024-11-05 20:21:59,263] INFO [PartitionStateMachine controllerId=0] Stopped partition state machine (kafka.controller.ZkPartitionStateMachine)
[2024-11-05 20:21:59,264] INFO [ReplicaStateMachine controllerId=0] Stopped replica state machine (kafka.controller.ZkReplicaStateMachine)
[2024-11-05 20:21:59,264] INFO [RequestSendThread controllerId=0] Shutting down (kafka.controller.RequestSendThread)
[2024-11-05 20:21:59,264] INFO [RequestSendThread controllerId=0] Stopped (kafka.controller.RequestSendThread)
[2024-11-05 20:21:59,264] INFO [RequestSendThread controllerId=0] Shutdown completed (kafka.controller.RequestSendThread)
[2024-11-05 20:21:59,265] INFO [Controller id=0] Resigned (kafka.controller.KafkaController)
