[2024-10-29T17:21:05.290-0700][gc,init] CardTable entry size: 512
[2024-10-29T17:21:05.290-0700][gc     ] Using G1
[2024-10-29T17:21:05.292-0700][gc,init] Version: 22.0.2+9-70 (release)
[2024-10-29T17:21:05.292-0700][gc,init] CPUs: 8 total, 8 available
[2024-10-29T17:21:05.292-0700][gc,init] Memory: 8192M
[2024-10-29T17:21:05.292-0700][gc,init] Large Page Support: Disabled
[2024-10-29T17:21:05.292-0700][gc,init] NUMA Support: Disabled
[2024-10-29T17:21:05.292-0700][gc,init] Compressed Oops: Enabled (Zero based)
[2024-10-29T17:21:05.292-0700][gc,init] Heap Region Size: 1M
[2024-10-29T17:21:05.292-0700][gc,init] Heap Min Capacity: 1G
[2024-10-29T17:21:05.292-0700][gc,init] Heap Initial Capacity: 1G
[2024-10-29T17:21:05.292-0700][gc,init] Heap Max Capacity: 1G
[2024-10-29T17:21:05.292-0700][gc,init] Pre-touch: Disabled
[2024-10-29T17:21:05.292-0700][gc,init] Parallel Workers: 8
[2024-10-29T17:21:05.292-0700][gc,init] Concurrent Workers: 2
[2024-10-29T17:21:05.292-0700][gc,init] Concurrent Refinement Workers: 8
[2024-10-29T17:21:05.292-0700][gc,init] Periodic GC: Disabled
[2024-10-29T17:21:05.296-0700][gc,metaspace] CDS archive(s) mapped at: [0x00007f0000000000-0x00007f0000c74000-0x00007f0000c74000), size 13058048, SharedBaseAddress: 0x00007f0000000000, ArchiveRelocationMode: 1.
[2024-10-29T17:21:05.296-0700][gc,metaspace] Compressed class space mapped at: 0x00007f0001000000-0x00007f0041000000, reserved size: 1073741824
[2024-10-29T17:21:05.296-0700][gc,metaspace] Narrow klass base: 0x00007f0000000000, Narrow klass shift: 0, Narrow klass range: 0x100000000
[2024-10-29T17:21:06.494-0700][gc,start    ] GC(0) Pause Young (Normal) (G1 Evacuation Pause)
[2024-10-29T17:21:06.495-0700][gc,task     ] GC(0) Using 8 workers of 8 for evacuation
[2024-10-29T17:21:06.498-0700][gc,phases   ] GC(0)   Pre Evacuate Collection Set: 0.13ms
[2024-10-29T17:21:06.498-0700][gc,phases   ] GC(0)   Merge Heap Roots: 0.04ms
[2024-10-29T17:21:06.498-0700][gc,phases   ] GC(0)   Evacuate Collection Set: 2.63ms
[2024-10-29T17:21:06.498-0700][gc,phases   ] GC(0)   Post Evacuate Collection Set: 0.33ms
[2024-10-29T17:21:06.498-0700][gc,phases   ] GC(0)   Other: 0.24ms
[2024-10-29T17:21:06.498-0700][gc,heap     ] GC(0) Eden regions: 51->0(44)
[2024-10-29T17:21:06.498-0700][gc,heap     ] GC(0) Survivor regions: 0->7(7)
[2024-10-29T17:21:06.498-0700][gc,heap     ] GC(0) Old regions: 2->3
[2024-10-29T17:21:06.498-0700][gc,heap     ] GC(0) Humongous regions: 0->0
[2024-10-29T17:21:06.498-0700][gc,metaspace] GC(0) Metaspace: 17066K(17280K)->17066K(17280K) NonClass: 15023K(15168K)->15023K(15168K) Class: 2043K(2112K)->2043K(2112K)
[2024-10-29T17:21:06.498-0700][gc          ] GC(0) Pause Young (Normal) (G1 Evacuation Pause) 52M->8M(1024M) 3.555ms
[2024-10-29T17:21:06.498-0700][gc,cpu      ] GC(0) User=0.01s Sys=0.01s Real=0.00s
[2024-10-29T17:21:06.642-0700][gc,start    ] GC(1) Pause Young (Concurrent Start) (Metadata GC Threshold)
[2024-10-29T17:21:06.642-0700][gc,task     ] GC(1) Using 8 workers of 8 for evacuation
[2024-10-29T17:21:06.644-0700][gc,phases   ] GC(1)   Pre Evacuate Collection Set: 0.18ms
[2024-10-29T17:21:06.644-0700][gc,phases   ] GC(1)   Merge Heap Roots: 0.04ms
[2024-10-29T17:21:06.644-0700][gc,phases   ] GC(1)   Evacuate Collection Set: 2.05ms
[2024-10-29T17:21:06.644-0700][gc,phases   ] GC(1)   Post Evacuate Collection Set: 0.23ms
[2024-10-29T17:21:06.644-0700][gc,phases   ] GC(1)   Other: 0.06ms
[2024-10-29T17:21:06.644-0700][gc,heap     ] GC(1) Eden regions: 17->0(49)
[2024-10-29T17:21:06.644-0700][gc,heap     ] GC(1) Survivor regions: 7->2(7)
[2024-10-29T17:21:06.644-0700][gc,heap     ] GC(1) Old regions: 3->11
[2024-10-29T17:21:06.644-0700][gc,heap     ] GC(1) Humongous regions: 0->0
[2024-10-29T17:21:06.644-0700][gc,metaspace] GC(1) Metaspace: 21300K(21504K)->21300K(21504K) NonClass: 18724K(18816K)->18724K(18816K) Class: 2575K(2688K)->2575K(2688K)
[2024-10-29T17:21:06.644-0700][gc          ] GC(1) Pause Young (Concurrent Start) (Metadata GC Threshold) 25M->10M(1024M) 2.713ms
[2024-10-29T17:21:06.644-0700][gc,cpu      ] GC(1) User=0.02s Sys=0.00s Real=0.00s
[2024-10-29T17:21:06.644-0700][gc          ] GC(2) Concurrent Mark Cycle
[2024-10-29T17:21:06.644-0700][gc,marking  ] GC(2) Concurrent Scan Root Regions
[2024-10-29T17:21:06.646-0700][gc,marking  ] GC(2) Concurrent Scan Root Regions 1.539ms
[2024-10-29T17:21:06.646-0700][gc,marking  ] GC(2) Concurrent Mark
[2024-10-29T17:21:06.646-0700][gc,marking  ] GC(2) Concurrent Mark From Roots
[2024-10-29T17:21:06.646-0700][gc,task     ] GC(2) Using 2 workers of 2 for marking
[2024-10-29T17:21:06.647-0700][gc,marking  ] GC(2) Concurrent Mark From Roots 0.901ms
[2024-10-29T17:21:06.647-0700][gc,marking  ] GC(2) Concurrent Preclean
[2024-10-29T17:21:06.647-0700][gc,marking  ] GC(2) Concurrent Preclean 0.007ms
[2024-10-29T17:21:06.647-0700][gc,start    ] GC(2) Pause Remark
[2024-10-29T17:21:06.648-0700][gc          ] GC(2) Pause Remark 11M->11M(1024M) 1.147ms
[2024-10-29T17:21:06.648-0700][gc,cpu      ] GC(2) User=0.00s Sys=0.00s Real=0.00s
[2024-10-29T17:21:06.648-0700][gc,marking  ] GC(2) Concurrent Mark 2.121ms
[2024-10-29T17:21:06.648-0700][gc,marking  ] GC(2) Concurrent Rebuild Remembered Sets and Scrub Regions
[2024-10-29T17:21:06.650-0700][gc,marking  ] GC(2) Concurrent Rebuild Remembered Sets and Scrub Regions 1.713ms
[2024-10-29T17:21:06.650-0700][gc,start    ] GC(2) Pause Cleanup
[2024-10-29T17:21:06.650-0700][gc          ] GC(2) Pause Cleanup 11M->11M(1024M) 0.075ms
[2024-10-29T17:21:06.650-0700][gc,cpu      ] GC(2) User=0.00s Sys=0.00s Real=0.00s
[2024-10-29T17:21:06.650-0700][gc,marking  ] GC(2) Concurrent Clear Claimed Marks
[2024-10-29T17:21:06.650-0700][gc,marking  ] GC(2) Concurrent Clear Claimed Marks 0.009ms
[2024-10-29T17:21:06.650-0700][gc,marking  ] GC(2) Concurrent Cleanup for Next Mark
[2024-10-29T17:21:06.652-0700][gc,marking  ] GC(2) Concurrent Cleanup for Next Mark 1.771ms
[2024-10-29T17:21:06.652-0700][gc          ] GC(2) Concurrent Mark Cycle 7.384ms
[2024-10-29T17:21:07.034-0700][gc,start    ] GC(3) Pause Young (Prepare Mixed) (G1 Evacuation Pause)
[2024-10-29T17:21:07.034-0700][gc,task     ] GC(3) Using 8 workers of 8 for evacuation
[2024-10-29T17:21:07.037-0700][gc,phases   ] GC(3)   Pre Evacuate Collection Set: 0.19ms
[2024-10-29T17:21:07.037-0700][gc,phases   ] GC(3)   Merge Heap Roots: 0.05ms
[2024-10-29T17:21:07.037-0700][gc,phases   ] GC(3)   Evacuate Collection Set: 2.30ms
[2024-10-29T17:21:07.037-0700][gc,phases   ] GC(3)   Post Evacuate Collection Set: 0.24ms
[2024-10-29T17:21:07.037-0700][gc,phases   ] GC(3)   Other: 0.06ms
[2024-10-29T17:21:07.037-0700][gc,heap     ] GC(3) Eden regions: 49->0(44)
[2024-10-29T17:21:07.037-0700][gc,heap     ] GC(3) Survivor regions: 2->7(7)
[2024-10-29T17:21:07.037-0700][gc,heap     ] GC(3) Old regions: 11->11
[2024-10-29T17:21:07.037-0700][gc,heap     ] GC(3) Humongous regions: 129->129
[2024-10-29T17:21:07.037-0700][gc,metaspace] GC(3) Metaspace: 32393K(32768K)->32393K(32768K) NonClass: 28709K(28928K)->28709K(28928K) Class: 3683K(3840K)->3683K(3840K)
[2024-10-29T17:21:07.037-0700][gc          ] GC(3) Pause Young (Prepare Mixed) (G1 Evacuation Pause) 188M->144M(1024M) 2.987ms
[2024-10-29T17:21:07.037-0700][gc,cpu      ] GC(3) User=0.01s Sys=0.00s Real=0.00s
[2024-10-29T17:21:07.184-0700][gc,start    ] GC(4) Pause Young (Mixed) (Metadata GC Threshold)
[2024-10-29T17:21:07.184-0700][gc,task     ] GC(4) Using 8 workers of 8 for evacuation
[2024-10-29T17:21:07.187-0700][gc,phases   ] GC(4)   Pre Evacuate Collection Set: 0.12ms
[2024-10-29T17:21:07.187-0700][gc,phases   ] GC(4)   Merge Heap Roots: 0.04ms
[2024-10-29T17:21:07.187-0700][gc,phases   ] GC(4)   Evacuate Collection Set: 1.79ms
[2024-10-29T17:21:07.187-0700][gc,phases   ] GC(4)   Post Evacuate Collection Set: 0.23ms
[2024-10-29T17:21:07.187-0700][gc,phases   ] GC(4)   Other: 0.05ms
[2024-10-29T17:21:07.187-0700][gc,heap     ] GC(4) Eden regions: 15->0(49)
[2024-10-29T17:21:07.187-0700][gc,heap     ] GC(4) Survivor regions: 7->2(7)
[2024-10-29T17:21:07.187-0700][gc,heap     ] GC(4) Old regions: 11->16
[2024-10-29T17:21:07.187-0700][gc,heap     ] GC(4) Humongous regions: 129->129
[2024-10-29T17:21:07.187-0700][gc,metaspace] GC(4) Metaspace: 35760K(36096K)->35760K(36096K) NonClass: 31607K(31808K)->31607K(31808K) Class: 4152K(4288K)->4152K(4288K)
[2024-10-29T17:21:07.187-0700][gc          ] GC(4) Pause Young (Mixed) (Metadata GC Threshold) 158M->145M(1024M) 2.374ms
[2024-10-29T17:21:07.187-0700][gc,cpu      ] GC(4) User=0.01s Sys=0.01s Real=0.00s
[2024-10-29T17:21:07.194-0700][gc,start    ] GC(5) Pause Young (Concurrent Start) (Metadata GC Threshold)
[2024-10-29T17:21:07.194-0700][gc,task     ] GC(5) Using 8 workers of 8 for evacuation
[2024-10-29T17:21:07.195-0700][gc,phases   ] GC(5)   Pre Evacuate Collection Set: 0.17ms
[2024-10-29T17:21:07.195-0700][gc,phases   ] GC(5)   Merge Heap Roots: 0.03ms
[2024-10-29T17:21:07.195-0700][gc,phases   ] GC(5)   Evacuate Collection Set: 0.47ms
[2024-10-29T17:21:07.195-0700][gc,phases   ] GC(5)   Post Evacuate Collection Set: 0.14ms
[2024-10-29T17:21:07.195-0700][gc,phases   ] GC(5)   Other: 0.04ms
[2024-10-29T17:21:07.195-0700][gc,heap     ] GC(5) Eden regions: 2->0(50)
[2024-10-29T17:21:07.195-0700][gc,heap     ] GC(5) Survivor regions: 2->1(7)
[2024-10-29T17:21:07.195-0700][gc,heap     ] GC(5) Old regions: 16->16
[2024-10-29T17:21:07.195-0700][gc,heap     ] GC(5) Humongous regions: 129->129
[2024-10-29T17:21:07.195-0700][gc,metaspace] GC(5) Metaspace: 36052K(36416K)->36052K(36416K) NonClass: 31860K(32064K)->31860K(32064K) Class: 4191K(4352K)->4191K(4352K)
[2024-10-29T17:21:07.195-0700][gc          ] GC(5) Pause Young (Concurrent Start) (Metadata GC Threshold) 147M->145M(1024M) 0.969ms
[2024-10-29T17:21:07.195-0700][gc          ] GC(6) Concurrent Mark Cycle
[2024-10-29T17:21:07.195-0700][gc,cpu      ] GC(5) User=0.00s Sys=0.00s Real=0.00s
[2024-10-29T17:21:07.195-0700][gc,marking  ] GC(6) Concurrent Scan Root Regions
[2024-10-29T17:21:07.195-0700][gc,marking  ] GC(6) Concurrent Scan Root Regions 0.822ms
[2024-10-29T17:21:07.195-0700][gc,marking  ] GC(6) Concurrent Mark
[2024-10-29T17:21:07.195-0700][gc,marking  ] GC(6) Concurrent Mark From Roots
[2024-10-29T17:21:07.195-0700][gc,task     ] GC(6) Using 2 workers of 2 for marking
[2024-10-29T17:21:07.202-0700][gc,marking  ] GC(6) Concurrent Mark From Roots 6.799ms
[2024-10-29T17:21:07.202-0700][gc,marking  ] GC(6) Concurrent Preclean
[2024-10-29T17:21:07.202-0700][gc,marking  ] GC(6) Concurrent Preclean 0.028ms
[2024-10-29T17:21:07.203-0700][gc,start    ] GC(6) Pause Remark
[2024-10-29T17:21:07.204-0700][gc          ] GC(6) Pause Remark 146M->146M(1024M) 1.079ms
[2024-10-29T17:21:07.204-0700][gc,cpu      ] GC(6) User=0.01s Sys=0.00s Real=0.00s
[2024-10-29T17:21:07.204-0700][gc,marking  ] GC(6) Concurrent Mark 8.160ms
[2024-10-29T17:21:07.204-0700][gc,marking  ] GC(6) Concurrent Rebuild Remembered Sets and Scrub Regions
[2024-10-29T17:21:07.207-0700][gc,marking  ] GC(6) Concurrent Rebuild Remembered Sets and Scrub Regions 3.651ms
[2024-10-29T17:21:07.207-0700][gc,start    ] GC(6) Pause Cleanup
[2024-10-29T17:21:07.207-0700][gc          ] GC(6) Pause Cleanup 146M->146M(1024M) 0.072ms
[2024-10-29T17:21:07.207-0700][gc,cpu      ] GC(6) User=0.00s Sys=0.00s Real=0.00s
[2024-10-29T17:21:07.207-0700][gc,marking  ] GC(6) Concurrent Clear Claimed Marks
[2024-10-29T17:21:07.208-0700][gc,marking  ] GC(6) Concurrent Clear Claimed Marks 0.012ms
[2024-10-29T17:21:07.208-0700][gc,marking  ] GC(6) Concurrent Cleanup for Next Mark
[2024-10-29T17:21:07.209-0700][gc,marking  ] GC(6) Concurrent Cleanup for Next Mark 1.062ms
[2024-10-29T17:21:07.209-0700][gc          ] GC(6) Concurrent Mark Cycle 13.981ms
[2024-10-29T17:29:22.915-0700][gc,start    ] GC(7) Pause Young (Prepare Mixed) (G1 Evacuation Pause)
[2024-10-29T17:29:22.917-0700][gc,task     ] GC(7) Using 8 workers of 8 for evacuation
[2024-10-29T17:29:22.936-0700][gc,phases   ] GC(7)   Pre Evacuate Collection Set: 0.84ms
[2024-10-29T17:29:22.936-0700][gc,phases   ] GC(7)   Merge Heap Roots: 0.20ms
[2024-10-29T17:29:22.936-0700][gc,phases   ] GC(7)   Evacuate Collection Set: 16.50ms
[2024-10-29T17:29:22.936-0700][gc,phases   ] GC(7)   Post Evacuate Collection Set: 1.16ms
[2024-10-29T17:29:22.936-0700][gc,phases   ] GC(7)   Other: 0.24ms
[2024-10-29T17:29:22.936-0700][gc,heap     ] GC(7) Eden regions: 50->0(47)
[2024-10-29T17:29:22.936-0700][gc,heap     ] GC(7) Survivor regions: 1->4(7)
[2024-10-29T17:29:22.936-0700][gc,heap     ] GC(7) Old regions: 16->16
[2024-10-29T17:29:22.936-0700][gc,heap     ] GC(7) Humongous regions: 129->129
[2024-10-29T17:29:22.936-0700][gc,metaspace] GC(7) Metaspace: 40807K(41408K)->40807K(41408K) NonClass: 35956K(36288K)->35956K(36288K) Class: 4851K(5120K)->4851K(5120K)
[2024-10-29T17:29:22.936-0700][gc          ] GC(7) Pause Young (Prepare Mixed) (G1 Evacuation Pause) 195M->147M(1024M) 20.655ms
[2024-10-29T17:29:22.936-0700][gc,cpu      ] GC(7) User=0.02s Sys=0.02s Real=0.02s
[2024-10-29T17:29:37.882-0700][gc,heap,exit] Heap
[2024-10-29T17:29:37.882-0700][gc,heap,exit]  garbage-first heap   total reserved 1048576K, committed 1048576K, used 164285K [0x00000007c0000000, 0x0000000800000000)
[2024-10-29T17:29:37.882-0700][gc,heap,exit]   region size 1024K, 17 young (17408K), 4 survivors (4096K)
[2024-10-29T17:29:37.882-0700][gc,heap,exit]  Metaspace       used 41762K, committed 42368K, reserved 1114112K
[2024-10-29T17:29:37.882-0700][gc,heap,exit]   class space    used 5047K, committed 5312K, reserved 1048576K
